<?xml version="1.0" encoding="UTF-8"?>
<testsuites>
  <testsuite name="" tests="62" assertions="490" failures="0" errors="0" time="20.825605">
    <testsuite name="unit" tests="53" assertions="346" failures="0" errors="0" time="5.324561">
      <testsuite name="Learnosity\Tests\Unit\Mappers\QtiV2\Import\Interactions\ChoiceInteractionTest" file="/Users/michaelsharman/Documents/workspaces/learnosity-qti/src/Tests/Unit/Mappers/QtiV2/Import/Interactions/ChoiceInteractionTest.php" tests="8" assertions="23" failures="0" errors="0" time="0.579189">
        <testcase name="testShouldHandleNoValidation" class="Learnosity\Tests\Unit\Mappers\QtiV2\Import\Interactions\ChoiceInteractionTest" file="/Users/michaelsharman/Documents/workspaces/learnosity-qti/src/Tests/Unit/Mappers/QtiV2/Import/Interactions/ChoiceInteractionTest.php" line="18" assertions="4" time="0.132336"/>
        <testcase name="testShouldHandleMatchCorrectValidation" class="Learnosity\Tests\Unit\Mappers\QtiV2\Import\Interactions\ChoiceInteractionTest" file="/Users/michaelsharman/Documents/workspaces/learnosity-qti/src/Tests/Unit/Mappers/QtiV2/Import/Interactions/ChoiceInteractionTest.php" line="40" assertions="10" time="0.114386"/>
        <testcase name="testShouldHandleInvalidValidation" class="Learnosity\Tests\Unit\Mappers\QtiV2\Import\Interactions\ChoiceInteractionTest" file="/Users/michaelsharman/Documents/workspaces/learnosity-qti/src/Tests/Unit/Mappers/QtiV2/Import/Interactions/ChoiceInteractionTest.php" line="66" assertions="3" time="0.077476"/>
        <testcase name="testShouldHandleMultipleResponseIfMaxChoiceMoreThanOne" class="Learnosity\Tests\Unit\Mappers\QtiV2\Import\Interactions\ChoiceInteractionTest" file="/Users/michaelsharman/Documents/workspaces/learnosity-qti/src/Tests/Unit/Mappers/QtiV2/Import/Interactions/ChoiceInteractionTest.php" line="88" assertions="1" time="0.062219"/>
        <testcase name="testShouldShuffle" class="Learnosity\Tests\Unit\Mappers\QtiV2\Import\Interactions\ChoiceInteractionTest" file="/Users/michaelsharman/Documents/workspaces/learnosity-qti/src/Tests/Unit/Mappers/QtiV2/Import/Interactions/ChoiceInteractionTest.php" line="101" assertions="1" time="0.029518"/>
        <testcase name="testHorizontalOrientation" class="Learnosity\Tests\Unit\Mappers\QtiV2\Import\Interactions\ChoiceInteractionTest" file="/Users/michaelsharman/Documents/workspaces/learnosity-qti/src/Tests/Unit/Mappers/QtiV2/Import/Interactions/ChoiceInteractionTest.php" line="110" assertions="2" time="0.031412"/>
        <testcase name="testPrompt" class="Learnosity\Tests\Unit\Mappers\QtiV2\Import\Interactions\ChoiceInteractionTest" file="/Users/michaelsharman/Documents/workspaces/learnosity-qti/src/Tests/Unit/Mappers/QtiV2/Import/Interactions/ChoiceInteractionTest.php" line="120" assertions="1" time="0.073468"/>
        <testcase name="testHasMinChoice" class="Learnosity\Tests\Unit\Mappers\QtiV2\Import\Interactions\ChoiceInteractionTest" file="/Users/michaelsharman/Documents/workspaces/learnosity-qti/src/Tests/Unit/Mappers/QtiV2/Import/Interactions/ChoiceInteractionTest.php" line="140" assertions="1" time="0.058374"/>
      </testsuite>
      <testsuite name="Learnosity\Tests\Unit\Mappers\QtiV2\Import\Interactions\ExtendedTextInteractionTest" file="/Users/michaelsharman/Documents/workspaces/learnosity-qti/src/Tests/Unit/Mappers/QtiV2/Import/Interactions/ExtendedTextInteractionTest.php" tests="4" assertions="12" failures="0" errors="0" time="0.138344">
        <testcase name="testWithNoValidation" class="Learnosity\Tests\Unit\Mappers\QtiV2\Import\Interactions\ExtendedTextInteractionTest" file="/Users/michaelsharman/Documents/workspaces/learnosity-qti/src/Tests/Unit/Mappers/QtiV2/Import/Interactions/ExtendedTextInteractionTest.php" line="12" assertions="4" time="0.039283"/>
        <testcase name="testShouldConsiderPlaceholder" class="Learnosity\Tests\Unit\Mappers\QtiV2\Import\Interactions\ExtendedTextInteractionTest" file="/Users/michaelsharman/Documents/workspaces/learnosity-qti/src/Tests/Unit/Mappers/QtiV2/Import/Interactions/ExtendedTextInteractionTest.php" line="24" assertions="2" time="0.027138"/>
        <testcase name="testShouldConsiderExpectedLengthWithNoMaxString" class="Learnosity\Tests\Unit\Mappers\QtiV2\Import\Interactions\ExtendedTextInteractionTest" file="/Users/michaelsharman/Documents/workspaces/learnosity-qti/src/Tests/Unit/Mappers/QtiV2/Import/Interactions/ExtendedTextInteractionTest.php" line="35" assertions="3" time="0.030203"/>
        <testcase name="testShouldConsiderExpectedLengthWithMaxString" class="Learnosity\Tests\Unit\Mappers\QtiV2\Import\Interactions\ExtendedTextInteractionTest" file="/Users/michaelsharman/Documents/workspaces/learnosity-qti/src/Tests/Unit/Mappers/QtiV2/Import/Interactions/ExtendedTextInteractionTest.php" line="47" assertions="3" time="0.041720"/>
      </testsuite>
      <testsuite name="Learnosity\Tests\Unit\Mappers\QtiV2\Import\Interactions\HottextInteractionTest" file="/Users/michaelsharman/Documents/workspaces/learnosity-qti/src/Tests/Unit/Mappers/QtiV2/Import/Interactions/HottextInteractionTest.php" tests="3" assertions="20" failures="0" errors="0" time="0.701306">
        <testcase name="testWithNoValidation" class="Learnosity\Tests\Unit\Mappers\QtiV2\Import\Interactions\HottextInteractionTest" file="/Users/michaelsharman/Documents/workspaces/learnosity-qti/src/Tests/Unit/Mappers/QtiV2/Import/Interactions/HottextInteractionTest.php" line="15" assertions="4" time="0.227713"/>
        <testcase name="testWithMatchCorrectValidation" class="Learnosity\Tests\Unit\Mappers\QtiV2\Import\Interactions\HottextInteractionTest" file="/Users/michaelsharman/Documents/workspaces/learnosity-qti/src/Tests/Unit/Mappers/QtiV2/Import/Interactions/HottextInteractionTest.php" line="27" assertions="5" time="0.233133"/>
        <testcase name="testWithMapResponseValidation" class="Learnosity\Tests\Unit\Mappers\QtiV2\Import\Interactions\HottextInteractionTest" file="/Users/michaelsharman/Documents/workspaces/learnosity-qti/src/Tests/Unit/Mappers/QtiV2/Import/Interactions/HottextInteractionTest.php" line="43" assertions="11" time="0.240460"/>
      </testsuite>
      <testsuite name="Learnosity\Tests\Unit\Mappers\QtiV2\Import\Interactions\InlineChoiceInteractionTest" file="/Users/michaelsharman/Documents/workspaces/learnosity-qti/src/Tests/Unit/Mappers/QtiV2/Import/Interactions/InlineChoiceInteractionTest.php" tests="4" assertions="44" failures="0" errors="0" time="0.308458">
        <testcase name="testSimpleCaseWithNoValidation" class="Learnosity\Tests\Unit\Mappers\QtiV2\Import\Interactions\InlineChoiceInteractionTest" file="/Users/michaelsharman/Documents/workspaces/learnosity-qti/src/Tests/Unit/Mappers/QtiV2/Import/Interactions/InlineChoiceInteractionTest.php" line="12" assertions="4" time="0.074752"/>
        <testcase name="testSimpleCaseWithInvalidValidation" class="Learnosity\Tests\Unit\Mappers\QtiV2\Import\Interactions\InlineChoiceInteractionTest" file="/Users/michaelsharman/Documents/workspaces/learnosity-qti/src/Tests/Unit/Mappers/QtiV2/Import/Interactions/InlineChoiceInteractionTest.php" line="34" assertions="4" time="0.032363"/>
        <testcase name="testSimpleCaseWithMatchCorrectValidation" class="Learnosity\Tests\Unit\Mappers\QtiV2\Import\Interactions\InlineChoiceInteractionTest" file="/Users/michaelsharman/Documents/workspaces/learnosity-qti/src/Tests/Unit/Mappers/QtiV2/Import/Interactions/InlineChoiceInteractionTest.php" line="51" assertions="18" time="0.096214"/>
        <testcase name="testSimpleCaseWithMapResponseValidation" class="Learnosity\Tests\Unit\Mappers\QtiV2\Import\Interactions\InlineChoiceInteractionTest" file="/Users/michaelsharman/Documents/workspaces/learnosity-qti/src/Tests/Unit/Mappers/QtiV2/Import/Interactions/InlineChoiceInteractionTest.php" line="97" assertions="18" time="0.105129"/>
      </testsuite>
      <testsuite name="Learnosity\Tests\Unit\Mappers\QtiV2\Import\Interactions\MatchInteractionTest" file="/Users/michaelsharman/Documents/workspaces/learnosity-qti/src/Tests/Unit/Mappers/QtiV2/Import/Interactions/MatchInteractionTest.php" tests="3" assertions="44" failures="0" errors="0" time="0.416358">
        <testcase name="testShouldHandleMapResponseValidationWithMultipleResponses" class="Learnosity\Tests\Unit\Mappers\QtiV2\Import\Interactions\MatchInteractionTest" file="/Users/michaelsharman/Documents/workspaces/learnosity-qti/src/Tests/Unit/Mappers/QtiV2/Import/Interactions/MatchInteractionTest.php" line="15" assertions="15" time="0.140358"/>
        <testcase name="testShouldHandleMatchCorrectValidationWithMultipleResponses" class="Learnosity\Tests\Unit\Mappers\QtiV2\Import\Interactions\MatchInteractionTest" file="/Users/michaelsharman/Documents/workspaces/learnosity-qti/src/Tests/Unit/Mappers/QtiV2/Import/Interactions/MatchInteractionTest.php" line="73" assertions="15" time="0.137838"/>
        <testcase name="testShouldHandleMatchCorrectValidationWithoutMultipleResponses" class="Learnosity\Tests\Unit\Mappers\QtiV2\Import\Interactions\MatchInteractionTest" file="/Users/michaelsharman/Documents/workspaces/learnosity-qti/src/Tests/Unit/Mappers/QtiV2/Import/Interactions/MatchInteractionTest.php" line="131" assertions="14" time="0.138162"/>
      </testsuite>
      <testsuite name="Learnosity\Tests\Unit\Mappers\QtiV2\Import\Interactions\TextEntryInteractionTest" file="/Users/michaelsharman/Documents/workspaces/learnosity-qti/src/Tests/Unit/Mappers/QtiV2/Import/Interactions/TextEntryInteractionTest.php" tests="6" assertions="27" failures="0" errors="0" time="0.148364">
        <testcase name="testSimpleCaseWithNoValidation" class="Learnosity\Tests\Unit\Mappers\QtiV2\Import\Interactions\TextEntryInteractionTest" file="/Users/michaelsharman/Documents/workspaces/learnosity-qti/src/Tests/Unit/Mappers/QtiV2/Import/Interactions/TextEntryInteractionTest.php" line="11" assertions="3" time="0.017227"/>
        <testcase name="testShouldConsiderMaxLengthLessThan250" class="Learnosity\Tests\Unit\Mappers\QtiV2\Import\Interactions\TextEntryInteractionTest" file="/Users/michaelsharman/Documents/workspaces/learnosity-qti/src/Tests/Unit/Mappers/QtiV2/Import/Interactions/TextEntryInteractionTest.php" line="23" assertions="2" time="0.013003"/>
        <testcase name="testShouldConsiderMaxLengthMoreThan250" class="Learnosity\Tests\Unit\Mappers\QtiV2\Import\Interactions\TextEntryInteractionTest" file="/Users/michaelsharman/Documents/workspaces/learnosity-qti/src/Tests/Unit/Mappers/QtiV2/Import/Interactions/TextEntryInteractionTest.php" line="34" assertions="3" time="0.018628"/>
        <testcase name="testSimpleCaseWithMatchCorrectValidation" class="Learnosity\Tests\Unit\Mappers\QtiV2\Import\Interactions\TextEntryInteractionTest" file="/Users/michaelsharman/Documents/workspaces/learnosity-qti/src/Tests/Unit/Mappers/QtiV2/Import/Interactions/TextEntryInteractionTest.php" line="46" assertions="9" time="0.040592"/>
        <testcase name="testSimpleCaseWithMapResponseValidation" class="Learnosity\Tests\Unit\Mappers\QtiV2\Import\Interactions\TextEntryInteractionTest" file="/Users/michaelsharman/Documents/workspaces/learnosity-qti/src/Tests/Unit/Mappers/QtiV2/Import/Interactions/TextEntryInteractionTest.php" line="71" assertions="9" time="0.044966"/>
        <testcase name="testInvalidResponseProcessingTemplate" class="Learnosity\Tests\Unit\Mappers\QtiV2\Import\Interactions\TextEntryInteractionTest" file="/Users/michaelsharman/Documents/workspaces/learnosity-qti/src/Tests/Unit/Mappers/QtiV2/Import/Interactions/TextEntryInteractionTest.php" line="119" assertions="1" time="0.013948"/>
      </testsuite>
      <testsuite name="Learnosity\Tests\Unit\Mappers\QtiV2\Import\ItemBuilderFactoryTest" file="/Users/michaelsharman/Documents/workspaces/learnosity-qti/src/Tests/Unit/Mappers/QtiV2/Import/ItemBuilderFactoryTest.php" tests="0" assertions="0" failures="0" errors="0" time="0.000000"/>
      <testsuite name="Learnosity\Tests\Unit\Mappers\QtiV2\Import\ItemMapperTest" file="/Users/michaelsharman/Documents/workspaces/learnosity-qti/src/Tests/Unit/Mappers/QtiV2/Import/ItemMapperTest.php" tests="4" assertions="19" failures="0" errors="0" time="0.580359">
        <testcase name="testParseWithoutInteraction" class="Learnosity\Tests\Unit\Mappers\QtiV2\Import\ItemMapperTest" file="/Users/michaelsharman/Documents/workspaces/learnosity-qti/src/Tests/Unit/Mappers/QtiV2/Import/ItemMapperTest.php" line="35" assertions="3" time="0.063181"/>
        <testcase name="testParseWithSameInteractionType" class="Learnosity\Tests\Unit\Mappers\QtiV2\Import\ItemMapperTest" file="/Users/michaelsharman/Documents/workspaces/learnosity-qti/src/Tests/Unit/Mappers/QtiV2/Import/ItemMapperTest.php" line="54" assertions="6" time="0.220204"/>
        <testcase name="testParseWithMultipleInteractionType" class="Learnosity\Tests\Unit\Mappers\QtiV2\Import\ItemMapperTest" file="/Users/michaelsharman/Documents/workspaces/learnosity-qti/src/Tests/Unit/Mappers/QtiV2/Import/ItemMapperTest.php" line="72" assertions="6" time="0.142924"/>
        <testcase name="testParseWithMathTags" class="Learnosity\Tests\Unit\Mappers\QtiV2\Import\ItemMapperTest" file="/Users/michaelsharman/Documents/workspaces/learnosity-qti/src/Tests/Unit/Mappers/QtiV2/Import/ItemMapperTest.php" line="90" assertions="4" time="0.154050"/>
      </testsuite>
      <testsuite name="Learnosity\Tests\Unit\Mappers\QtiV2\Import\MergedInteractions\MergedInlineChoiceInteractionTest" file="/Users/michaelsharman/Documents/workspaces/learnosity-qti/src/Tests/Unit/Mappers/QtiV2/Import/MergedInteractions/MergedInlineChoiceInteractionTest.php" tests="5" assertions="54" failures="0" errors="0" time="1.239360">
        <testcase name="testSimpleCaseWithNoValidation" class="Learnosity\Tests\Unit\Mappers\QtiV2\Import\MergedInteractions\MergedInlineChoiceInteractionTest" file="/Users/michaelsharman/Documents/workspaces/learnosity-qti/src/Tests/Unit/Mappers/QtiV2/Import/MergedInteractions/MergedInlineChoiceInteractionTest.php" line="19" assertions="4" time="0.254138"/>
        <testcase name="testSingleInteractionWithMatchCorrectValidation" class="Learnosity\Tests\Unit\Mappers\QtiV2\Import\MergedInteractions\MergedInlineChoiceInteractionTest" file="/Users/michaelsharman/Documents/workspaces/learnosity-qti/src/Tests/Unit/Mappers/QtiV2/Import/MergedInteractions/MergedInlineChoiceInteractionTest.php" line="32" assertions="12" time="0.186573"/>
        <testcase name="testMultipleInteractionWithMatchCorrectValidation" class="Learnosity\Tests\Unit\Mappers\QtiV2\Import\MergedInteractions\MergedInlineChoiceInteractionTest" file="/Users/michaelsharman/Documents/workspaces/learnosity-qti/src/Tests/Unit/Mappers/QtiV2/Import/MergedInteractions/MergedInlineChoiceInteractionTest.php" line="62" assertions="12" time="0.324499"/>
        <testcase name="testMultipleInteractionWithMapResponseValidation" class="Learnosity\Tests\Unit\Mappers\QtiV2\Import\MergedInteractions\MergedInlineChoiceInteractionTest" file="/Users/michaelsharman/Documents/workspaces/learnosity-qti/src/Tests/Unit/Mappers/QtiV2/Import/MergedInteractions/MergedInlineChoiceInteractionTest.php" line="93" assertions="13" time="0.285223"/>
        <testcase name="testSingleInteractionWithMapResponseValidation" class="Learnosity\Tests\Unit\Mappers\QtiV2\Import\MergedInteractions\MergedInlineChoiceInteractionTest" file="/Users/michaelsharman/Documents/workspaces/learnosity-qti/src/Tests/Unit/Mappers/QtiV2/Import/MergedInteractions/MergedInlineChoiceInteractionTest.php" line="132" assertions="13" time="0.188927"/>
      </testsuite>
      <testsuite name="Learnosity\Tests\Unit\Mappers\QtiV2\Import\MergedInteractions\MergedTextEntryInteractionTest" file="/Users/michaelsharman/Documents/workspaces/learnosity-qti/src/Tests/Unit/Mappers/QtiV2/Import/MergedInteractions/MergedTextEntryInteractionTest.php" tests="8" assertions="65" failures="0" errors="0" time="0.742453">
        <testcase name="testSimpleCaseWithNoValidation" class="Learnosity\Tests\Unit\Mappers\QtiV2\Import\MergedInteractions\MergedTextEntryInteractionTest" file="/Users/michaelsharman/Documents/workspaces/learnosity-qti/src/Tests/Unit/Mappers/QtiV2/Import/MergedInteractions/MergedTextEntryInteractionTest.php" line="19" assertions="2" time="0.077117"/>
        <testcase name="testShouldConsiderMaxLengthLessThan250" class="Learnosity\Tests\Unit\Mappers\QtiV2\Import\MergedInteractions\MergedTextEntryInteractionTest" file="/Users/michaelsharman/Documents/workspaces/learnosity-qti/src/Tests/Unit/Mappers/QtiV2/Import/MergedInteractions/MergedTextEntryInteractionTest.php" line="29" assertions="2" time="0.089835"/>
        <testcase name="testShouldConsiderMaxLengthMoreThan250" class="Learnosity\Tests\Unit\Mappers\QtiV2\Import\MergedInteractions\MergedTextEntryInteractionTest" file="/Users/michaelsharman/Documents/workspaces/learnosity-qti/src/Tests/Unit/Mappers/QtiV2/Import/MergedInteractions/MergedTextEntryInteractionTest.php" line="44" assertions="3" time="0.081294"/>
        <testcase name="testSingleInteractionWithCorrectAnswersValidation" class="Learnosity\Tests\Unit\Mappers\QtiV2\Import\MergedInteractions\MergedTextEntryInteractionTest" file="/Users/michaelsharman/Documents/workspaces/learnosity-qti/src/Tests/Unit/Mappers/QtiV2/Import/MergedInteractions/MergedTextEntryInteractionTest.php" line="60" assertions="14" time="0.102420"/>
        <testcase name="testTwoInteractionWithCorrectAnswersValidation" class="Learnosity\Tests\Unit\Mappers\QtiV2\Import\MergedInteractions\MergedTextEntryInteractionTest" file="/Users/michaelsharman/Documents/workspaces/learnosity-qti/src/Tests/Unit/Mappers/QtiV2/Import/MergedInteractions/MergedTextEntryInteractionTest.php" line="100" assertions="15" time="0.123863"/>
        <testcase name="testSingleInteractionWithMapResponseValidation" class="Learnosity\Tests\Unit\Mappers\QtiV2\Import\MergedInteractions\MergedTextEntryInteractionTest" file="/Users/michaelsharman/Documents/workspaces/learnosity-qti/src/Tests/Unit/Mappers/QtiV2/Import/MergedInteractions/MergedTextEntryInteractionTest.php" line="141" assertions="7" time="0.082308"/>
        <testcase name="testTwoInteractionsWithMapResponseValidation" class="Learnosity\Tests\Unit\Mappers\QtiV2\Import\MergedInteractions\MergedTextEntryInteractionTest" file="/Users/michaelsharman/Documents/workspaces/learnosity-qti/src/Tests/Unit/Mappers/QtiV2/Import/MergedInteractions/MergedTextEntryInteractionTest.php" line="168" assertions="19" time="0.123576"/>
        <testcase name="testInvalidResponseProcessingTemplate" class="Learnosity\Tests\Unit\Mappers\QtiV2\Import\MergedInteractions\MergedTextEntryInteractionTest" file="/Users/michaelsharman/Documents/workspaces/learnosity-qti/src/Tests/Unit/Mappers/QtiV2/Import/MergedInteractions/MergedTextEntryInteractionTest.php" line="217" assertions="3" time="0.062040"/>
      </testsuite>
      <testsuite name="Learnosity\Tests\Unit\Mappers\QtiV2\Import\MergedItemBuilderTest" file="/Users/michaelsharman/Documents/workspaces/learnosity-qti/src/Tests/Unit/Mappers/QtiV2/Import/MergedItemBuilderTest.php" tests="2" assertions="9" failures="0" errors="0" time="0.112913">
        <testcase name="testMapWithNonMergeableInteractionTypes" class="Learnosity\Tests\Unit\Mappers\QtiV2\Import\MergedItemBuilderTest" file="/Users/michaelsharman/Documents/workspaces/learnosity-qti/src/Tests/Unit/Mappers/QtiV2/Import/MergedItemBuilderTest.php" line="22" assertions="1" time="0.022504"/>
        <testcase name="testMapWithMergableInteractionType" class="Learnosity\Tests\Unit\Mappers\QtiV2\Import\MergedItemBuilderTest" file="/Users/michaelsharman/Documents/workspaces/learnosity-qti/src/Tests/Unit/Mappers/QtiV2/Import/MergedItemBuilderTest.php" line="33" assertions="8" time="0.090409"/>
      </testsuite>
      <testsuite name="Learnosity\Tests\Unit\Mappers\QtiV2\Import\RegularItemBuilderTest" file="/Users/michaelsharman/Documents/workspaces/learnosity-qti/src/Tests/Unit/Mappers/QtiV2/Import/RegularItemBuilderTest.php" tests="1" assertions="12" failures="0" errors="0" time="0.205768">
        <testcase name="testMapWithRegularInteractionType" class="Learnosity\Tests\Unit\Mappers\QtiV2\Import\RegularItemBuilderTest" file="/Users/michaelsharman/Documents/workspaces/learnosity-qti/src/Tests/Unit/Mappers/QtiV2/Import/RegularItemBuilderTest.php" line="24" assertions="12" time="0.205768"/>
      </testsuite>
      <testsuite name="Learnosity\Tests\ArrayUtilTest" file="/Users/michaelsharman/Documents/workspaces/learnosity-qti/src/Tests/Unit/Utils/ArrayUtilTest.php" tests="5" assertions="17" failures="0" errors="0" time="0.151689">
        <testcase name="testCombination" class="Learnosity\Tests\ArrayUtilTest" file="/Users/michaelsharman/Documents/workspaces/learnosity-qti/src/Tests/Unit/Utils/ArrayUtilTest.php" line="10" assertions="1" time="0.012006"/>
        <testcase name="testMutateEmptyArray" class="Learnosity\Tests\ArrayUtilTest" file="/Users/michaelsharman/Documents/workspaces/learnosity-qti/src/Tests/Unit/Utils/ArrayUtilTest.php" line="16" assertions="1" time="0.012718"/>
        <testcase name="testMutateResponsesBase" class="Learnosity\Tests\ArrayUtilTest" file="/Users/michaelsharman/Documents/workspaces/learnosity-qti/src/Tests/Unit/Utils/ArrayUtilTest.php" line="22" assertions="3" time="0.017666"/>
        <testcase name="testMutateResponsesMultiple" class="Learnosity\Tests\ArrayUtilTest" file="/Users/michaelsharman/Documents/workspaces/learnosity-qti/src/Tests/Unit/Utils/ArrayUtilTest.php" line="30" assertions="5" time="0.044509"/>
        <testcase name="testMutateResponsesMultipleUnEven" class="Learnosity\Tests\ArrayUtilTest" file="/Users/michaelsharman/Documents/workspaces/learnosity-qti/src/Tests/Unit/Utils/ArrayUtilTest.php" line="40" assertions="7" time="0.064790"/>
      </testsuite>
    </testsuite>
    <testsuite name="integration" tests="9" assertions="144" failures="0" errors="0" time="15.501043">
      <testsuite name="Learnosity\Tests\Integration\EntityGeneratorTest" file="/Users/michaelsharman/Documents/workspaces/learnosity-qti/src/Tests/Integration/EntityGeneratorTest.php" tests="1" assertions="0" failures="0" errors="0" time="9.508605">
        <testcase name="testGenerateEverything" class="Learnosity\Tests\Integration\EntityGeneratorTest" file="/Users/michaelsharman/Documents/workspaces/learnosity-qti/src/Tests/Integration/EntityGeneratorTest.php" line="10" assertions="0" time="9.508605"/>
      </testsuite>
      <testsuite name="Learnosity\Tests\Integration\Mappers\IMSCP\ManifestMapperTest" file="/Users/michaelsharman/Documents/workspaces/learnosity-qti/src/Tests/Integration/Mappers/IMSCP/ManifestMapperTest.php" tests="0" assertions="0" failures="0" errors="0" time="0.000000"/>
      <testsuite name="Learnosity\Tests\Mappers\Learnosity\ItemMapperTest" file="/Users/michaelsharman/Documents/workspaces/learnosity-qti/src/Tests/Integration/Mappers/Learnosity/ItemMapperTest.php" tests="0" assertions="0" failures="0" errors="0" time="0.000000"/>
      <testsuite name="Learnosity\Tests\Mappers\Learnosity\QuestionMapperTest" file="/Users/michaelsharman/Documents/workspaces/learnosity-qti/src/Tests/Integration/Mappers/Learnosity/QuestionMapperTest.php" tests="0" assertions="0" failures="0" errors="0" time="0.000000"/>
      <testsuite name="Learnosity\Tests\Integration\Mappers\QtiV2\Interactions\ChoiceInteractionTest" file="/Users/michaelsharman/Documents/workspaces/learnosity-qti/src/Tests/Integration/Mappers/QtiV2/Interactions/ChoiceInteractionTest.php" tests="1" assertions="23" failures="0" errors="0" time="0.430323">
        <testcase name="testIntegrationSimpleChoiceInteraction" class="Learnosity\Tests\Integration\Mappers\QtiV2\Interactions\ChoiceInteractionTest" file="/Users/michaelsharman/Documents/workspaces/learnosity-qti/src/Tests/Integration/Mappers/QtiV2/Interactions/ChoiceInteractionTest.php" line="16" assertions="23" time="0.430323"/>
      </testsuite>
      <testsuite name="Learnosity\Test\Mappers\QtiV2\Import\Interactions\ExtendedTextEntryInteractionTest" file="/Users/michaelsharman/Documents/workspaces/learnosity-qti/src/Tests/Integration/Mappers/QtiV2/Interactions/ExtendedTextEntryInteractionTest.php" tests="1" assertions="19" failures="0" errors="0" time="0.237684">
        <testcase name="testSimpleCase" class="Learnosity\Test\Mappers\QtiV2\Import\Interactions\ExtendedTextEntryInteractionTest" file="/Users/michaelsharman/Documents/workspaces/learnosity-qti/src/Tests/Integration/Mappers/QtiV2/Interactions/ExtendedTextEntryInteractionTest.php" line="25" assertions="19" time="0.237684"/>
      </testsuite>
      <testsuite name="Learnosity\Tests\Integration\Mappers\QtiV2\Interactions\HottextInteractionTest" file="/Users/michaelsharman/Documents/workspaces/learnosity-qti/src/Tests/Integration/Mappers/QtiV2/Interactions/HottextInteractionTest.php" tests="1" assertions="14" failures="0" errors="0" time="0.804120">
        <testcase name="testSimpleCaseFromQTIWebsite" class="Learnosity\Tests\Integration\Mappers\QtiV2\Interactions\HottextInteractionTest" file="/Users/michaelsharman/Documents/workspaces/learnosity-qti/src/Tests/Integration/Mappers/QtiV2/Interactions/HottextInteractionTest.php" line="16" assertions="14" time="0.804120"/>
      </testsuite>
      <testsuite name="Learnosity\Tests\Integration\Mappers\QtiV2\Interactions\MatchInteractionTest" file="/Users/michaelsharman/Documents/workspaces/learnosity-qti/src/Tests/Integration/Mappers/QtiV2/Interactions/MatchInteractionTest.php" tests="1" assertions="22" failures="0" errors="0" time="0.803137">
        <testcase name="testMappingMatchInteraction" class="Learnosity\Tests\Integration\Mappers\QtiV2\Interactions\MatchInteractionTest" file="/Users/michaelsharman/Documents/workspaces/learnosity-qti/src/Tests/Integration/Mappers/QtiV2/Interactions/MatchInteractionTest.php" line="27" assertions="22" time="0.803137"/>
      </testsuite>
      <testsuite name="Learnosity\Test\Mappers\QtiV2\Import\Interactions\TextEntryInlineChoiceInteractionTest" file="/Users/michaelsharman/Documents/workspaces/learnosity-qti/src/Tests/Integration/Mappers/QtiV2/Interactions/TextEntryInlineChoiceInteractionTest.php" tests="1" assertions="37" failures="0" errors="0" time="0.684689">
        <testcase name="testDualInteractions" class="Learnosity\Test\Mappers\QtiV2\Import\Interactions\TextEntryInlineChoiceInteractionTest" file="/Users/michaelsharman/Documents/workspaces/learnosity-qti/src/Tests/Integration/Mappers/QtiV2/Interactions/TextEntryInlineChoiceInteractionTest.php" line="109" assertions="37" time="0.684689"/>
      </testsuite>
      <testsuite name="Learnosity\Tests\Mappers\QtiV2\ItemMapperTest" file="/Users/michaelsharman/Documents/workspaces/learnosity-qti/src/Tests/Integration/Mappers/QtiV2/ItemMapperTest.php" tests="1" assertions="5" failures="0" errors="0" time="0.367875">
        <testcase name="testParsingWithMathML" class="Learnosity\Tests\Mappers\QtiV2\ItemMapperTest" file="/Users/michaelsharman/Documents/workspaces/learnosity-qti/src/Tests/Integration/Mappers/QtiV2/ItemMapperTest.php" line="20" assertions="5" time="0.367875"/>
      </testsuite>
      <testsuite name="Learnosity\Tests\Mappers\QtiV2\ItemWriterTest" file="/Users/michaelsharman/Documents/workspaces/learnosity-qti/src/Tests/Integration/Mappers/QtiV2/ItemWriterTest.php" tests="0" assertions="0" failures="0" errors="0" time="0.000000"/>
      <testsuite name="Learnosity\Tests\Integration\Mappers\QtiV2\MergedInteractions\MergedTextEntryInteractionTest" file="/Users/michaelsharman/Documents/workspaces/learnosity-qti/src/Tests/Integration/Mappers/QtiV2/MergedInteractions/MergedTextEntryInteractionTest.php" tests="1" assertions="24" failures="0" errors="0" time="0.389334">
        <testcase name="testMergedTextInteraction" class="Learnosity\Tests\Integration\Mappers\QtiV2\MergedInteractions\MergedTextEntryInteractionTest" file="/Users/michaelsharman/Documents/workspaces/learnosity-qti/src/Tests/Integration/Mappers/QtiV2/MergedInteractions/MergedTextEntryInteractionTest.php" line="24" assertions="24" time="0.389334"/>
      </testsuite>
      <testsuite name="Learnosity\Tests\Integration\Mappers\QtiV2\TestMapperTest" file="/Users/michaelsharman/Documents/workspaces/learnosity-qti/src/Tests/Integration/Mappers/QtiV2/TestMapperTest.php" tests="0" assertions="0" failures="0" errors="0" time="0.000000"/>
      <testsuite name="Learnosity\Tests\Integration\QtiImportDocumentationGeneratorTest" file="/Users/michaelsharman/Documents/workspaces/learnosity-qti/src/Tests/Integration/QtiImportDocumentationGeneratorTest.php" tests="1" assertions="0" failures="0" errors="0" time="2.275276">
        <testcase name="testGenerateImportDocs" class="Learnosity\Tests\Integration\QtiImportDocumentationGeneratorTest" file="/Users/michaelsharman/Documents/workspaces/learnosity-qti/src/Tests/Integration/QtiImportDocumentationGeneratorTest.php" line="9" assertions="0" time="2.275276"/>
      </testsuite>
    </testsuite>
  </testsuite>
</testsuites>
