<?xml version="1.0"?>
<assessmentTest xmlns="http://www.imsglobal.org/xsd/imscp_v1p1" xmlns:xsi="http://www.w3.org/2001/XMLSchema-instance"
xmlns:imsmd="http://ltsc.ieee.org/xsd/LOM" xmlns:imsqti="http://www.imsglobal.org/xsd/imsqti_metadata_v2p1"
xmlns:imscsmd="http://www.imsglobal.org/xsd/imsccv1p3/imscsmd_v1p0"
xsi:schemaLocation="xsd/imscp_v1p1.xsd xsd/imsmd_loose_v1p3.xsd xsd/imsqti_metadata_v2p1.xsd xsd/ccv1p3_imscsmd_v1p0.xsd"
identifier="ITEMLOGIC-TEST-105608" title="Grade 3 ELA Interim Form A.1">
  <testPart identifier="TEST-PART-1" visible="true" navigationMode="nonlinear">
    <assessmentSection identifier="TEST-SECTION-1" visible="true" navigationMode="nonlinear">
      <assessmentItemRef identifier="item-1" href="../items/ITEM-LOGIC-CTPT-205209.xml" category="question" />
      <assessmentItemRef identifier="item-2" href="../items/ITEM-LOGIC-CTPT-205210.xml" category="question" />
      <assessmentItemRef identifier="item-3" href="../items/ITEM-LOGIC-CTPT-202504.xml" category="question" />
      <assessmentItemRef identifier="item-4" href="../items/ITEM-LOGIC-CTPT-199577.xml" category="question" />
      <assessmentItemRef identifier="item-5" href="../items/ITEM-LOGIC-CTPT-205214.xml" category="question" />
      <assessmentItemRef identifier="item-6" href="../items/ITEM-LOGIC-CTPT-205212.xml" category="question" />
      <assessmentItemRef identifier="item-7" href="../items/ITEM-LOGIC-CTPT-205213.xml" category="question" />
      <assessmentItemRef identifier="item-8" href="../items/ITEM-LOGIC-CTPT-201212.xml" category="question" />
      <assessmentItemRef identifier="item-9" href="../items/ITEM-LOGIC-CTPT-205217.xml" category="question" />
      <assessmentItemRef identifier="item-10" href="../items/ITEM-LOGIC-CTPT-205218.xml" category="question" />
      <assessmentItemRef identifier="item-11" href="../items/ITEM-LOGIC-CTPT-201221.xml" category="question" />
      <assessmentItemRef identifier="item-12" href="../items/ITEM-LOGIC-CTPT-201215.xml" category="question" />
    </assessmentSection>
  </testPart>
</assessmentTest>
